1762782257550|0|statement|connection 18|url jdbc:mysql://localhost:3306/killing_point_test?useSSL=false&useUnicode=true&serverTimezone=Asia/Seoul&allowPublicKeyRetrieval=true|alter table DiaryEntity drop foreign key fk_diary_user_id_ref_user_id|alter table DiaryEntity drop foreign key fk_diary_user_id_ref_user_id
1762782257551|0|statement|connection 18|url jdbc:mysql://localhost:3306/killing_point_test?useSSL=false&useUnicode=true&serverTimezone=Asia/Seoul&allowPublicKeyRetrieval=true|alter table RefreshToken drop foreign key FKitkh7bh0ymjqsj7uu810i3wsy|alter table RefreshToken drop foreign key FKitkh7bh0ymjqsj7uu810i3wsy
1762782257552|0|statement|connection 18|url jdbc:mysql://localhost:3306/killing_point_test?useSSL=false&useUnicode=true&serverTimezone=Asia/Seoul&allowPublicKeyRetrieval=true|drop table if exists DiaryEntity|drop table if exists DiaryEntity
1762782257552|0|statement|connection 18|url jdbc:mysql://localhost:3306/killing_point_test?useSSL=false&useUnicode=true&serverTimezone=Asia/Seoul&allowPublicKeyRetrieval=true|drop table if exists RefreshToken|drop table if exists RefreshToken
1762782257553|0|statement|connection 18|url jdbc:mysql://localhost:3306/killing_point_test?useSSL=false&useUnicode=true&serverTimezone=Asia/Seoul&allowPublicKeyRetrieval=true|drop table if exists UserEntity|drop table if exists UserEntity
1762843195155|0|statement|connection 20|url jdbc:mysql://localhost:3306/killing_point_test?useSSL=false&useUnicode=true&serverTimezone=Asia/Seoul&allowPublicKeyRetrieval=true|alter table DiaryEntity drop foreign key fk_diary_user_id_ref_user_id|alter table DiaryEntity drop foreign key fk_diary_user_id_ref_user_id
1762843195156|0|statement|connection 20|url jdbc:mysql://localhost:3306/killing_point_test?useSSL=false&useUnicode=true&serverTimezone=Asia/Seoul&allowPublicKeyRetrieval=true|alter table RefreshToken drop foreign key FKitkh7bh0ymjqsj7uu810i3wsy|alter table RefreshToken drop foreign key FKitkh7bh0ymjqsj7uu810i3wsy
1762843195157|0|statement|connection 20|url jdbc:mysql://localhost:3306/killing_point_test?useSSL=false&useUnicode=true&serverTimezone=Asia/Seoul&allowPublicKeyRetrieval=true|drop table if exists DiaryEntity|drop table if exists DiaryEntity
1762843195158|0|statement|connection 20|url jdbc:mysql://localhost:3306/killing_point_test?useSSL=false&useUnicode=true&serverTimezone=Asia/Seoul&allowPublicKeyRetrieval=true|drop table if exists RefreshToken|drop table if exists RefreshToken
1762843195159|0|statement|connection 20|url jdbc:mysql://localhost:3306/killing_point_test?useSSL=false&useUnicode=true&serverTimezone=Asia/Seoul&allowPublicKeyRetrieval=true|drop table if exists UserEntity|drop table if exists UserEntity
1762860280594|0|statement|connection 20|url jdbc:mysql://localhost:3306/killing_point_test?useSSL=false&useUnicode=true&serverTimezone=Asia/Seoul&allowPublicKeyRetrieval=true|alter table DiaryEntity drop foreign key fk_diary_user_id_ref_user_id|alter table DiaryEntity drop foreign key fk_diary_user_id_ref_user_id
1762860280595|0|statement|connection 20|url jdbc:mysql://localhost:3306/killing_point_test?useSSL=false&useUnicode=true&serverTimezone=Asia/Seoul&allowPublicKeyRetrieval=true|alter table RefreshToken drop foreign key FKitkh7bh0ymjqsj7uu810i3wsy|alter table RefreshToken drop foreign key FKitkh7bh0ymjqsj7uu810i3wsy
1762860280596|0|statement|connection 20|url jdbc:mysql://localhost:3306/killing_point_test?useSSL=false&useUnicode=true&serverTimezone=Asia/Seoul&allowPublicKeyRetrieval=true|drop table if exists DiaryEntity|drop table if exists DiaryEntity
1762860280597|0|statement|connection 20|url jdbc:mysql://localhost:3306/killing_point_test?useSSL=false&useUnicode=true&serverTimezone=Asia/Seoul&allowPublicKeyRetrieval=true|drop table if exists RefreshToken|drop table if exists RefreshToken
1762860280597|0|statement|connection 20|url jdbc:mysql://localhost:3306/killing_point_test?useSSL=false&useUnicode=true&serverTimezone=Asia/Seoul&allowPublicKeyRetrieval=true|drop table if exists TemporalFile|drop table if exists TemporalFile
1762860280598|0|statement|connection 20|url jdbc:mysql://localhost:3306/killing_point_test?useSSL=false&useUnicode=true&serverTimezone=Asia/Seoul&allowPublicKeyRetrieval=true|drop table if exists UserEntity|drop table if exists UserEntity
1762860337809|0|statement|connection 20|url jdbc:mysql://localhost:3306/killing_point_test?useSSL=false&useUnicode=true&serverTimezone=Asia/Seoul&allowPublicKeyRetrieval=true|alter table DiaryEntity drop foreign key fk_diary_user_id_ref_user_id|alter table DiaryEntity drop foreign key fk_diary_user_id_ref_user_id
1762860337809|0|statement|connection 20|url jdbc:mysql://localhost:3306/killing_point_test?useSSL=false&useUnicode=true&serverTimezone=Asia/Seoul&allowPublicKeyRetrieval=true|alter table RefreshToken drop foreign key FKitkh7bh0ymjqsj7uu810i3wsy|alter table RefreshToken drop foreign key FKitkh7bh0ymjqsj7uu810i3wsy
1762860337810|0|statement|connection 20|url jdbc:mysql://localhost:3306/killing_point_test?useSSL=false&useUnicode=true&serverTimezone=Asia/Seoul&allowPublicKeyRetrieval=true|drop table if exists DiaryEntity|drop table if exists DiaryEntity
1762860337810|0|statement|connection 20|url jdbc:mysql://localhost:3306/killing_point_test?useSSL=false&useUnicode=true&serverTimezone=Asia/Seoul&allowPublicKeyRetrieval=true|drop table if exists RefreshToken|drop table if exists RefreshToken
1762860337811|0|statement|connection 20|url jdbc:mysql://localhost:3306/killing_point_test?useSSL=false&useUnicode=true&serverTimezone=Asia/Seoul&allowPublicKeyRetrieval=true|drop table if exists TemporalFile|drop table if exists TemporalFile
1762860337811|0|statement|connection 20|url jdbc:mysql://localhost:3306/killing_point_test?useSSL=false&useUnicode=true&serverTimezone=Asia/Seoul&allowPublicKeyRetrieval=true|drop table if exists UserEntity|drop table if exists UserEntity
1762860350911|2|statement|connection 20|url jdbc:mysql://localhost:3306/killing_point_test?useSSL=false&useUnicode=true&serverTimezone=Asia/Seoul&allowPublicKeyRetrieval=true|alter table DiaryEntity drop foreign key fk_diary_user_id_ref_user_id|alter table DiaryEntity drop foreign key fk_diary_user_id_ref_user_id
1762860350915|3|statement|connection 20|url jdbc:mysql://localhost:3306/killing_point_test?useSSL=false&useUnicode=true&serverTimezone=Asia/Seoul&allowPublicKeyRetrieval=true|alter table RefreshToken drop foreign key FKitkh7bh0ymjqsj7uu810i3wsy|alter table RefreshToken drop foreign key FKitkh7bh0ymjqsj7uu810i3wsy
1762860350920|4|statement|connection 20|url jdbc:mysql://localhost:3306/killing_point_test?useSSL=false&useUnicode=true&serverTimezone=Asia/Seoul&allowPublicKeyRetrieval=true|drop table if exists DiaryEntity|drop table if exists DiaryEntity
1762860350924|2|statement|connection 20|url jdbc:mysql://localhost:3306/killing_point_test?useSSL=false&useUnicode=true&serverTimezone=Asia/Seoul&allowPublicKeyRetrieval=true|drop table if exists RefreshToken|drop table if exists RefreshToken
1762860350926|1|statement|connection 20|url jdbc:mysql://localhost:3306/killing_point_test?useSSL=false&useUnicode=true&serverTimezone=Asia/Seoul&allowPublicKeyRetrieval=true|drop table if exists TemporalFile|drop table if exists TemporalFile
1762860350928|1|statement|connection 20|url jdbc:mysql://localhost:3306/killing_point_test?useSSL=false&useUnicode=true&serverTimezone=Asia/Seoul&allowPublicKeyRetrieval=true|drop table if exists UserEntity|drop table if exists UserEntity
